busapp/build/app/intermediates/manifest_merge_blame_file/debug/manifest-merger-blame-debug-report.txt
1<?xml version="1.0" encoding="utf-8"?>
2<manifest xmlns:android="http://schemas.android.com/apk/res/android"
3    package="com.example.busapp"
4    android:versionCode="1"
5    android:versionName="1.0.0" >
6
7    <uses-sdk
8        android:minSdkVersion="16"
9        android:targetSdkVersion="28" />
10    <!--
11         Flutter needs it to communicate with the running application
12         to allow setting breakpoints, to provide hot reload, etc.
13    -->
14    <uses-permission android:name="android.permission.INTERNET" />
14-->src/debug/AndroidManifest.xml:6:5-66
14-->src/debug/AndroidManifest.xml:6:22-64
15    <uses-permission android:name="android.permission.READ_EXTERNAL_STORAGE" />
15-->[:image_picker] AndroidManifest.xml:7:5-80
15-->[:image_picker] AndroidManifest.xml:7:22-77
16    <uses-permission android:name="android.permission.WRITE_EXTERNAL_STORAGE" /> <!-- Although the *SdkVersion is captured in gradle build files, this is required for non gradle builds -->
16-->[:image_picker] AndroidManifest.xml:8:5-81
16-->[:image_picker] AndroidManifest.xml:8:22-78
17    <!-- <uses-sdk android:minSdkVersion="14"/> -->
18    <uses-permission android:name="android.permission.ACCESS_NETWORK_STATE" />
18-->[com.google.firebase:firebase-storage:17.0.0] AndroidManifest.xml:26:5-79
18-->[com.google.firebase:firebase-storage:17.0.0] AndroidManifest.xml:26:22-76
19    <!--
20 io.flutter.app.FlutterApplication is an android.app.Application that
21         calls FlutterMain.startInitialization(this); in its onCreate method.
22         In most cases you can leave this as-is, but you if you want to provide
23         additional functionality it is fine to subclass or reimplement
24         FlutterApplication and put your custom class here.
25    -->
26    <application
26-->src/main/AndroidManifest.xml:8:5-29:19
27        android:name="io.flutter.app.FlutterApplication"
27-->src/main/AndroidManifest.xml:9:9-57
28        android:appComponentFactory="androidx.core.app.CoreComponentFactory"
28-->[androidx.core:core:1.1.0] AndroidManifest.xml:24:18-86
29        android:debuggable="true"
30        android:icon="@mipmap/ic_launcher"
30-->src/main/AndroidManifest.xml:11:9-43
31        android:label="busapp" >
31-->src/main/AndroidManifest.xml:10:9-31
32        <activity
32-->src/main/AndroidManifest.xml:12:9-23:20
33            android:name="com.example.busapp.MainActivity"
33-->src/main/AndroidManifest.xml:13:13-41
34            android:configChanges="orientation|keyboardHidden|keyboard|screenSize|smallestScreenSize|locale|layoutDirection|fontScale|screenLayout|density|uiMode"
34-->src/main/AndroidManifest.xml:16:13-163
35            android:hardwareAccelerated="true"
35-->src/main/AndroidManifest.xml:17:13-47
36            android:launchMode="singleTop"
36-->src/main/AndroidManifest.xml:14:13-43
37            android:theme="@style/LaunchTheme"
37-->src/main/AndroidManifest.xml:15:13-47
38            android:windowSoftInputMode="adjustResize" >
38-->src/main/AndroidManifest.xml:18:13-55
39            <intent-filter>
39-->src/main/AndroidManifest.xml:19:13-22:29
40                <action android:name="android.intent.action.MAIN" />
40-->src/main/AndroidManifest.xml:20:17-68
40-->src/main/AndroidManifest.xml:20:25-66
41
42                <category android:name="android.intent.category.LAUNCHER" />
42-->src/main/AndroidManifest.xml:21:17-76
42-->src/main/AndroidManifest.xml:21:27-74
43            </intent-filter>
44        </activity>
45        <!--
46             Don't delete the meta-data below.
47             This is used by the Flutter tool to generate GeneratedPluginRegistrant.java
48        -->
49        <meta-data
49-->src/main/AndroidManifest.xml:26:9-28:33
50            android:name="flutterEmbedding"
50-->src/main/AndroidManifest.xml:27:13-44
51            android:value="2" />
51-->src/main/AndroidManifest.xml:28:13-30
52
53        <service android:name="com.google.firebase.components.ComponentDiscoveryService" >
53-->[:firebase_storage] AndroidManifest.xml:8:9-12:19
53-->[:firebase_storage] AndroidManifest.xml:8:18-89
54            <meta-data
54-->[:firebase_storage] AndroidManifest.xml:9:13-11:85
55                android:name="com.google.firebase.components:io.flutter.plugins.firebase.storage.FlutterFirebaseAppRegistrar"
55-->[:firebase_storage] AndroidManifest.xml:10:17-126
56                android:value="com.google.firebase.components.ComponentRegistrar" />
56-->[:firebase_storage] AndroidManifest.xml:11:17-82
57            <meta-data
57-->[:firebase_core] AndroidManifest.xml:9:13-11:85
58                android:name="com.google.firebase.components:io.flutter.plugins.firebase.core.FlutterFirebaseAppRegistrar"
58-->[:firebase_core] AndroidManifest.xml:10:17-123
59                android:value="com.google.firebase.components.ComponentRegistrar" />
59-->[:firebase_core] AndroidManifest.xml:11:17-82
60            <meta-data
60-->[com.google.firebase:firebase-storage:17.0.0] AndroidManifest.xml:31:13-33:85
61                android:name="com.google.firebase.components:com.google.firebase.storage.StorageRegistrar"
61-->[com.google.firebase:firebase-storage:17.0.0] AndroidManifest.xml:32:17-107
62                android:value="com.google.firebase.components.ComponentRegistrar" />
62-->[com.google.firebase:firebase-storage:17.0.0] AndroidManifest.xml:33:17-82
63        </service>
64
65        <provider
65-->[:image_picker] AndroidManifest.xml:11:9-19:20
66            android:name="io.flutter.plugins.imagepicker.ImagePickerFileProvider"
66-->[:image_picker] AndroidManifest.xml:12:13-82
67            android:authorities="com.example.busapp.flutter.image_provider"
67-->[:image_picker] AndroidManifest.xml:13:13-74
68            android:exported="false"
68-->[:image_picker] AndroidManifest.xml:14:13-37
69            android:grantUriPermissions="true" >
69-->[:image_picker] AndroidManifest.xml:15:13-47
70            <meta-data
70-->[:image_picker] AndroidManifest.xml:16:13-18:75
71                android:name="android.support.FILE_PROVIDER_PATHS"
71-->[:image_picker] AndroidManifest.xml:17:17-67
72                android:resource="@xml/flutter_image_picker_file_paths" />
72-->[:image_picker] AndroidManifest.xml:18:17-72
73        </provider>
74        <provider
74-->[com.google.firebase:firebase-common:17.0.0] AndroidManifest.xml:12:9-16:39
75            android:name="com.google.firebase.provider.FirebaseInitProvider"
75-->[com.google.firebase:firebase-common:17.0.0] AndroidManifest.xml:13:13-77
76            android:authorities="com.example.busapp.firebaseinitprovider"
76-->[com.google.firebase:firebase-common:17.0.0] AndroidManifest.xml:14:13-72
77            android:exported="false"
77-->[com.google.firebase:firebase-common:17.0.0] AndroidManifest.xml:15:13-37
78            android:initOrder="100" />
78-->[com.google.firebase:firebase-common:17.0.0] AndroidManifest.xml:16:13-36
79
80        <activity
80-->[com.google.android.gms:play-services-base:16.0.1] AndroidManifest.xml:23:9-26:75
81            android:name="com.google.android.gms.common.api.GoogleApiActivity"
81-->[com.google.android.gms:play-services-base:16.0.1] AndroidManifest.xml:24:13-79
82            android:exported="false"
82-->[com.google.android.gms:play-services-base:16.0.1] AndroidManifest.xml:25:13-37
83            android:theme="@android:style/Theme.Translucent.NoTitleBar" />
83-->[com.google.android.gms:play-services-base:16.0.1] AndroidManifest.xml:26:13-72
84
85        <meta-data
85-->[com.google.android.gms:play-services-basement:16.1.0] AndroidManifest.xml:23:9-25:69
86            android:name="com.google.android.gms.version"
86-->[com.google.android.gms:play-services-basement:16.1.0] AndroidManifest.xml:24:13-58
87            android:value="@integer/google_play_services_version" />
87-->[com.google.android.gms:play-services-basement:16.1.0] AndroidManifest.xml:25:13-66
88    </application>
89
90</manifest>